0 info it worked if it ends with ok
1 verbose cli [ '/usr/bin/nodejs', '/usr/bin/npm', 'install', 'npm', '-g' ]
2 info using npm@1.3.10
3 info using node@v0.10.25
4 verbose cache add [ 'npm', null ]
5 verbose cache add name=undefined spec="npm" args=["npm",null]
6 verbose parsed url { protocol: null,
6 verbose parsed url   slashes: null,
6 verbose parsed url   auth: null,
6 verbose parsed url   host: null,
6 verbose parsed url   port: null,
6 verbose parsed url   hostname: null,
6 verbose parsed url   hash: null,
6 verbose parsed url   search: null,
6 verbose parsed url   query: null,
6 verbose parsed url   pathname: 'npm',
6 verbose parsed url   path: 'npm',
6 verbose parsed url   href: 'npm' }
7 silly lockFile 660051d1-npm npm
8 verbose lock npm /home/niole/.npm/660051d1-npm.lock
9 silly lockFile 660051d1-npm npm
10 silly lockFile 660051d1-npm npm
11 verbose addNamed [ 'npm', '' ]
12 verbose addNamed [ null, '*' ]
13 silly lockFile 2f990b75-npm npm@
14 verbose lock npm@ /home/niole/.npm/2f990b75-npm.lock
15 silly addNameRange { name: 'npm', range: '*', hasData: false }
16 verbose url raw npm
17 verbose url resolving [ 'https://registry.npmjs.org/', './npm' ]
18 verbose url resolved https://registry.npmjs.org/npm
19 info trying registry request attempt 1 at 19:43:15
20 http GET https://registry.npmjs.org/npm
21 http 401 https://registry.npmjs.org/npm
22 error TypeError: Cannot call method 'match' of undefined
22 error     at RegClient.<anonymous> (/usr/share/npm/node_modules/npm-registry-client/lib/request.js:119:29)
22 error     at cb (/usr/share/npm/node_modules/npm-registry-client/lib/request.js:158:9)
22 error     at RegClient.<anonymous> (/usr/share/npm/node_modules/npm-registry-client/lib/request.js:252:14)
22 error     at Request.self.callback (/usr/lib/nodejs/request/index.js:148:22)
22 error     at Request.EventEmitter.emit (events.js:98:17)
22 error     at Request.<anonymous> (/usr/lib/nodejs/request/index.js:896:14)
22 error     at Request.EventEmitter.emit (events.js:117:20)
22 error     at IncomingMessage.<anonymous> (/usr/lib/nodejs/request/index.js:847:12)
22 error     at IncomingMessage.EventEmitter.emit (events.js:117:20)
22 error     at _stream_readable.js:920:16
23 error If you need help, you may report this log at:
23 error     <http://github.com/isaacs/npm/issues>
23 error or email it to:
23 error     <npm-@googlegroups.com>
24 error System Linux 3.13.0-32-generic
25 error command "/usr/bin/nodejs" "/usr/bin/npm" "install" "npm" "-g"
26 error cwd /home/niole/code/javascript/react-scrolling
27 error node -v v0.10.25
28 error npm -v 1.3.10
29 error type non_object_property_call
30 verbose exit [ 1, true ]
